2015-06-19 08:06:49 : > Server is running
2015-06-19 08:07:02 : put
2015-06-19 08:07:05 : get
2015-06-22 06:58:29 : > Server is running
2015-06-22 08:06:24 : > Server is running
2015-06-22 08:08:33 : > Server is running
2015-06-22 08:10:19 : > Server is running
2015-06-22 08:16:02 : > Server is running
2015-06-22 08:16:54 : > Server is running
2015-06-22 08:28:02 : > Server is running
2015-06-22 08:29:25 : > Server is running
2015-06-22 08:29:57 : > Server is running
2015-06-22 08:38:17 : > Server is running
2015-06-22 09:00:38 : > Server is running
2015-06-22 09:01:12 : > Server is running
2015-06-22 09:01:24 : > Server is running
2015-06-22 09:12:28 : > Server is running
2015-06-22 09:13:58 : handle GET request
2015-06-22 09:14:09 : handle GET request
2015-06-22 09:27:44 : handle GET request
2015-06-22 09:28:32 : handle GET request
2015-06-22 09:39:53 : > Server is running
2015-06-22 09:39:57 : handle GET request
2015-06-22 09:40:01 : handle GET request
2015-06-22 09:41:49 : > Server is running
2015-06-22 09:41:52 : handle GET request
2015-06-22 10:20:22 : > Server is running
2015-06-22 10:20:25 : handle PING request
2015-06-22 10:20:32 : handle GET request
2015-06-22 10:21:03 : handle PUT request
2015-06-22 10:21:14 : handle INCREASE request
2015-06-22 10:39:38 : > Server is running
2015-06-22 10:39:51 : handle GET request
2015-06-22 10:41:53 : > Server is running
2015-06-22 10:42:01 : handle GET request
2015-06-22 10:42:06 : handle GET request
2015-06-22 10:42:08 : handle GET request
2015-06-22 10:45:05 : > Server is running
2015-06-22 10:45:10 : handle GET request
2015-06-22 10:46:35 : > Server is running
2015-06-22 10:46:37 : handle GET request
2015-06-22 10:48:20 : > Server is running
2015-06-22 10:48:22 : handle GET request
2015-06-22 10:48:28 : handle GET request
